[0509/021754.555:ERROR:os_crypt_win.cc(93)] Failed to decrypt: Clave no válida para utilizar en el estado especificado. (0x8009000B)
[0509/021756.923:WARNING:backend_impl.cc(1837)] Destroying invalid entry.
[0509/021756.924:WARNING:backend_impl.cc(1837)] Destroying invalid entry.
[0509/021757.153:ERROR:backend_impl.cc(1041)] Critical error found -8
[0509/021757.153:ERROR:entry_impl.cc(1075)] No file for c10303a2
[0509/021757.153:WARNING:storage_block-inl.h(146)] Failed data load.
[0509/021757.154:WARNING:storage_block-inl.h(146)] Failed data load.
[0509/021757.154:WARNING:storage_block-inl.h(146)] Failed data load.
[0509/021757.154:WARNING:storage_block-inl.h(146)] Failed data load.
[0509/021757.154:ERROR:entry_impl.cc(1075)] No file for c103030a
[0509/021757.166:WARNING:storage_block-inl.h(146)] Failed data load.
[0509/021757.166:WARNING:storage_block-inl.h(146)] Failed data load.
[0509/021757.180:WARNING:storage_block-inl.h(146)] Failed data load.
[0509/021757.180:WARNING:storage_block-inl.h(146)] Failed data load.
[0509/021757.180:WARNING:storage_block-inl.h(146)] Failed data load.
[0509/021757.229:WARNING:storage_block-inl.h(146)] Failed data load.
[0509/021757.229:WARNING:storage_block-inl.h(146)] Failed data load.
[0509/021757.237:WARNING:storage_block-inl.h(146)] Failed data load.
[0509/021838.903:WARNING:used_ids.h(55)] Duplicate id found. Reassigning from 104 to 127
[0509/021838.903:WARNING:used_ids.h(55)] Duplicate id found. Reassigning from 102 to 125
[0509/021838.904:WARNING:used_ids.h(55)] Duplicate id found. Reassigning from 104 to 124
[0509/021838.904:WARNING:used_ids.h(55)] Duplicate id found. Reassigning from 106 to 123
[0509/021838.904:WARNING:used_ids.h(55)] Duplicate id found. Reassigning from 110 to 122
[0509/021838.904:WARNING:used_ids.h(55)] Duplicate id found. Reassigning from 103 to 121
[0509/021838.904:WARNING:used_ids.h(55)] Duplicate id found. Reassigning from 105 to 120
[0509/021838.904:WARNING:used_ids.h(55)] Duplicate id found. Reassigning from 111 to 119
[0509/021838.904:WARNING:used_ids.h(55)] Duplicate id found. Reassigning from 1 to 14
[0509/021838.904:WARNING:used_ids.h(55)] Duplicate id found. Reassigning from 3 to 13
[0509/021838.904:WARNING:used_ids.h(55)] Duplicate id found. Reassigning from 5 to 12
[0509/021838.904:WARNING:used_ids.h(55)] Duplicate id found. Reassigning from 6 to 11
[0509/021838.904:ERROR:audio_rtp_receiver.cc(88)] AudioRtpReceiver::OnSetVolume: No audio channel exists.
[0509/021913.129:WARNING:spdy_session.cc(3431)] Received HEADERS for invalid stream 605
[0509/021955.048:ERROR:gpu_init.cc(426)] Passthrough is not supported, GL is disabled
[0509/080803.514:ERROR:command_buffer_proxy_impl.cc(121)] ContextResult::kTransientFailure: Failed to send GpuChannelMsg_CreateCommandBuffer.
